Processing library PDAC_COM3_01299
Ignored variables:
	110_s_FWHM
	110_s_MaxIntensity
	110_s_Sigma
	CoFe_at
	Frac_
	Frac_111
	Frac_200
	Frac_ITO_Peak1
	Frac_ITO_Peak2
	FWHM_ITO_Peak1
	FWHM_ITO_Peak2
	MaxInt_ITO_Peak1
	MaxInt_ITO_Peak2
	Norm_Int110
	Points
	Pos_ITO_Peak1
	Pos_ITO_Peak2
	taken
	ZrY_at
*Warning: missing standard variables:
	x_mm
	y_mm
	a_Ang
	d_um
	FWHM_110
	FWHM_111
	FWHM_200
	MaxInt_110
	MaxInt_111
	MaxInt_200
	Pos_110
	Pos_111
	Pos_200
	Ratio_111_100
	Ratio_200_100
*Warning: missing composition variables:
	Co_at
	Fe_at
	Y_at
	Zr_at
Wrote PDAC_COM3_01299_AllVar.csv
Error(s) detected, moving to C:\Users\jdhuang\OneDrive - Colorado School of Mines/Research/MIDDMI/TCO/Data\error